=========================================
 Linux System Monitoring Script
=========================================
Date: Fri Jul 10 09:20:01 UTC 2026

Disk Usage : 32%
Disk usage is Normal

Memory Usage : 36%
Memory usage is Normal
=========================================
 Linux System Monitoring Script
=========================================
Date: Fri Jul 10 09:20:01 UTC 2026

Disk Usage : 32%
Disk usage is Normal

Memory Usage : 36%
Memory usage is Normal

CPU Usage : 0%
CPU usage is Normal
=========================================
 Linux System Monitoring Script
=========================================
Date: Fri Jul 10 09:25:01 UTC 2026

Disk Usage : 32%
Disk usage is Normal

Memory Usage : 36%
Memory usage is Normal
=========================================
 Linux System Monitoring Script
=========================================
Date: Fri Jul 10 09:25:01 UTC 2026

Disk Usage : 32%
Disk usage is Normal

Memory Usage : 36%
Memory usage is Normal

CPU Usage : 8%
CPU usage is Normal
=========================================
 Linux System Monitoring Script
=========================================
Date: Fri Jul 10 09:30:01 UTC 2026

Disk Usage : 32%
Disk usage is Normal

Memory Usage : 36%
Memory usage is Normal
=========================================
 Linux System Monitoring Script
=========================================
Date: Fri Jul 10 09:30:02 UTC 2026

Disk Usage : 32%
Disk usage is Normal

Memory Usage : 36%
Memory usage is Normal

CPU Usage : 4%
CPU usage is Normal
=========================================
 Linux System Monitoring Script
=========================================
Date: Fri Jul 10 09:35:01 UTC 2026

Disk Usage : 32%
Disk usage is Normal

Memory Usage : 36%
Memory usage is Normal
=========================================
 Linux System Monitoring Script
=========================================
Date: Fri Jul 10 09:35:01 UTC 2026

Disk Usage : 32%
Disk usage is Normal

Memory Usage : 36%
Memory usage is Normal

CPU Usage : 4%
CPU usage is Normal
=========================================
 Linux System Monitoring Script
=========================================
Date: Fri Jul 10 09:40:02 UTC 2026

Disk Usage : 32%
Disk usage is Normal

Memory Usage : 36%
Memory usage is Normal
=========================================
 Linux System Monitoring Script
=========================================
Date: Fri Jul 10 09:40:02 UTC 2026

Disk Usage : 32%
Disk usage is Normal

Memory Usage : 36%
Memory usage is Normal

CPU Usage : 8%
CPU usage is Normal
